Watching for file changes with StatReloader
/Users/nithinraj/Developer/Project/Foundation/backend/config/settings.py changed, reloading.
Performing system checks...

System check identified no issues (0 silenced).
February 10, 2026 - 03:42:27
Django version 6.0.2, using settings 'config.settings'
Starting development server at http://0.0.0.0:8000/
Quit the server with CONTROL-C.

WARNING: This is a development server. Do not use it in a production setting. Use a production WSGI or ASGI server instead.
For more information on production servers see: https://docs.djangoproject.com/en/6.0/howto/deployment/
Traceback (most recent call last):
  File "/Users/nithinraj/Developer/Project/Foundation/backend/manage.py", line 22, in <module>
    main()
    ~~~~^^
  File "/Users/nithinraj/Developer/Project/Foundation/backend/manage.py", line 18, in main
    execute_from_command_line(sys.argv)
    ~~~~~~~~~~~~~~~~~~~~~~~~~^^^^^^^^^^
  File "/Users/nithinraj/Developer/Project/Foundation/backend/venv/lib/python3.14/site-packages/django/core/management/__init__.py", line 443, in execute_from_command_line
    utility.execute()
    ~~~~~~~~~~~~~~~^^
  File "/Users/nithinraj/Developer/Project/Foundation/backend/venv/lib/python3.14/site-packages/django/core/management/__init__.py", line 383, in execute
    settings.INSTALLED_APPS
  File "/Users/nithinraj/Developer/Project/Foundation/backend/venv/lib/python3.14/site-packages/django/conf/__init__.py", line 75, in __getattr__
    self._setup(name)
    ~~~~~~~~~~~^^^^^^
  File "/Users/nithinraj/Developer/Project/Foundation/backend/venv/lib/python3.14/site-packages/django/conf/__init__.py", line 62, in _setup
    self._wrapped = Settings(settings_module)
                    ~~~~~~~~^^^^^^^^^^^^^^^^^
  File "/Users/nithinraj/Developer/Project/Foundation/backend/venv/lib/python3.14/site-packages/django/conf/__init__.py", line 162, in __init__
    mod = importlib.import_module(self.SETTINGS_MODULE)
  File "/opt/homebrew/Cellar/python@3.14/3.14.2/Frameworks/Python.framework/Versions/3.14/lib/python3.14/importlib/__init__.py", line 88, in import_module
    return _bootstrap._gcd_import(name[level:], package, level)
           ~~~~~~~~~~~~~~~~~~~~~~^^^^^^^^^^^^^^^^^^^^^^^^^^^^^^
  File "<frozen importlib._bootstrap>", line 1398, in _gcd_import
  File "<frozen importlib._bootstrap>", line 1371, in _find_and_load
  File "<frozen importlib._bootstrap>", line 1342, in _find_and_load_unlocked
  File "<frozen importlib._bootstrap>", line 938, in _load_unlocked
  File "<frozen importlib._bootstrap_external>", line 759, in exec_module
  File "<frozen importlib._bootstrap>", line 491, in _call_with_frames_removed
  File "/Users/nithinraj/Developer/Project/Foundation/backend/config/settings.py", line 65, in <module>
    'default': dj_database_url.config(
               ~~~~~~~~~~~~~~~~~~~~~~^
        default=os.getenv('DATABASE_URL'),
        ^^^^^^^^^^^^^^^^^^^^^^^^^^^^^^^^^^
        conn_max_age=600,
        ^^^^^^^^^^^^^^^^^
        ssl_require=True
        ^^^^^^^^^^^^^^^^
    )
    ^
  File "/Users/nithinraj/Developer/Project/Foundation/backend/venv/lib/python3.14/site-packages/dj_database_url/__init__.py", line 145, in config
    return parse(
        s,
    ...<5 lines>...
        test_options,
    )
  File "/Users/nithinraj/Developer/Project/Foundation/backend/venv/lib/python3.14/site-packages/dj_database_url/__init__.py", line 204, in parse
    raise ParseError() from None
dj_database_url.ParseError: This string is not a valid url, possibly because some of its parts is not properly urllib.parse.quote()'ed.
